# JRE version: Java(TM) SE Runtime Environment (17.0.10+11) (build 17.0.10+11-LTS-240)
# Java VM: Java HotSpot(TM) 64-Bit Server VM (17.0.10+11-LTS-240, mixed mode, sharing, tiered, compressed oops, compressed class ptrs, g1 gc, windows-amd64)
GC Precious Log:
 CPUs: 8 total, 8 available
 Memory: 7834M
 Large Page Support: Disabled
 NUMA Support: Disabled
 Compressed Oops: Enabled (32-bit)
 Heap Region Size: 1M
 Heap Min Capacity: 8M
 Heap Initial Capacity: 124M
 Heap Max Capacity: 1960M
 Pre-touch: Disabled
 Parallel Workers: 8
 Concurrent Workers: 2
 Concurrent Refinement Workers: 8
 Periodic GC: Disabled
Heap:
 garbage-first heap   total 83968K, used 60094K [0x0000000085800000, 0x0000000100000000)
  region size 1024K, 19 young (19456K), 3 survivors (3072K)
 Metaspace       used 78328K, committed 78912K, reserved 1179648K
  class space    used 10517K, committed 10816K, reserved 1048576K
GC Heap History (20 events):
Event: 28.063 GC heap before
{Heap before GC invocations=20 (full 0):
 garbage-first heap   total 75776K, used 61804K [0x0000000085800000, 0x0000000100000000)
  region size 1024K, 26 young (26624K), 1 survivors (1024K)
 Metaspace       used 67672K, committed 68224K, reserved 1114112K
  class space    used 9149K, committed 9408K, reserved 1048576K
}
Event: 28.066 GC heap after
{Heap after GC invocations=21 (full 0):
 garbage-first heap   total 75776K, used 37722K [0x0000000085800000, 0x0000000100000000)
  region size 1024K, 2 young (2048K), 2 survivors (2048K)
 Metaspace       used 67672K, committed 68224K, reserved 1114112K
  class space    used 9149K, committed 9408K, reserved 1048576K
}
Event: 29.306 GC heap before
{Heap before GC invocations=22 (full 0):
 garbage-first heap   total 75776K, used 62298K [0x0000000085800000, 0x0000000100000000)
  region size 1024K, 26 young (26624K), 2 survivors (2048K)
 Metaspace       used 70265K, committed 70784K, reserved 1114112K
  class space    used 9548K, committed 9792K, reserved 1048576K
}
Event: 29.312 GC heap after
{Heap after GC invocations=23 (full 0):
 garbage-first heap   total 75776K, used 39936K [0x0000000085800000, 0x0000000100000000)
  region size 1024K, 4 young (4096K), 4 survivors (4096K)
 Metaspace       used 70265K, committed 70784K, reserved 1114112K
  class space    used 9548K, committed 9792K, reserved 1048576K
}
Event: 31.913 GC heap before
{Heap before GC invocations=23 (full 0):
 garbage-first heap   total 75776K, used 62464K [0x0000000085800000, 0x0000000100000000)
  region size 1024K, 26 young (26624K), 4 survivors (4096K)
 Metaspace       used 72234K, committed 72896K, reserved 1114112K
  class space    used 9808K, committed 10112K, reserved 1048576K
}
Event: 31.923 GC heap after
{Heap after GC invocations=24 (full 0):
 garbage-first heap   total 75776K, used 41859K [0x0000000085800000, 0x0000000100000000)
  region size 1024K, 3 young (3072K), 3 survivors (3072K)
 Metaspace       used 72234K, committed 72896K, reserved 1114112K
  class space    used 9808K, committed 10112K, reserved 1048576K
}
Event: 33.377 GC heap before
{Heap before GC invocations=25 (full 0):
 garbage-first heap   total 75776K, used 61315K [0x0000000085800000, 0x0000000100000000)
  region size 1024K, 22 young (22528K), 3 survivors (3072K)
 Metaspace       used 76104K, committed 76672K, reserved 1179648K
  class space    used 10357K, committed 10624K, reserved 1048576K
}
Event: 33.382 GC heap after
{Heap after GC invocations=26 (full 0):
 garbage-first heap   total 75776K, used 42865K [0x0000000085800000, 0x0000000100000000)
  region size 1024K, 2 young (2048K), 2 survivors (2048K)
 Metaspace       used 76104K, committed 76672K, reserved 1179648K
  class space    used 10357K, committed 10624K, reserved 1048576K
}
Event: 171.570 GC heap before
{Heap before GC invocations=26 (full 0):
 garbage-first heap   total 75776K, used 54129K [0x0000000085800000, 0x0000000100000000)
  region size 1024K, 14 young (14336K), 2 survivors (2048K)
 Metaspace       used 77024K, committed 77632K, reserved 1179648K
  class space    used 10470K, committed 10752K, reserved 1048576K
}
Event: 172.083 GC heap after
{Heap after GC invocations=27 (full 1):
 garbage-first heap   total 75776K, used 38196K [0x0000000085800000, 0x0000000100000000)
  region size 1024K, 0 young (0K), 0 survivors (0K)
 Metaspace       used 77024K, committed 77632K, reserved 1179648K
  class space    used 10470K, committed 10752K, reserved 1048576K
}
Event: 173.300 GC heap before
{Heap before GC invocations=27 (full 1):
 garbage-first heap   total 75776K, used 58676K [0x0000000085800000, 0x0000000100000000)
  region size 1024K, 20 young (20480K), 0 survivors (0K)
 Metaspace       used 77183K, committed 77760K, reserved 1179648K
  class space    used 10478K, committed 10752K, reserved 1048576K
}
Event: 173.321 GC heap after
{Heap after GC invocations=28 (full 1):
 garbage-first heap   total 75776K, used 40611K [0x0000000085800000, 0x0000000100000000)
  region size 1024K, 3 young (3072K), 3 survivors (3072K)
 Metaspace       used 77183K, committed 77760K, reserved 1179648K
  class space    used 10478K, committed 10752K, reserved 1048576K
}
Event: 173.786 GC heap before
{Heap before GC invocations=29 (full 1):
 garbage-first heap   total 76800K, used 58019K [0x0000000085800000, 0x0000000100000000)
  region size 1024K, 20 young (20480K), 3 survivors (3072K)
 Metaspace       used 77299K, committed 77888K, reserved 1179648K
  class space    used 10480K, committed 10752K, reserved 1048576K
}
Event: 173.805 GC heap after
{Heap after GC invocations=30 (full 1):
 garbage-first heap   total 76800K, used 41228K [0x0000000085800000, 0x0000000100000000)
  region size 1024K, 2 young (2048K), 2 survivors (2048K)
 Metaspace       used 77299K, committed 77888K, reserved 1179648K
  class space    used 10480K, committed 10752K, reserved 1048576K
}
Event: 173.975 GC heap before
{Heap before GC invocations=30 (full 1):
 garbage-first heap   total 76800K, used 56588K [0x0000000085800000, 0x0000000100000000)
  region size 1024K, 19 young (19456K), 2 survivors (2048K)
 Metaspace       used 77406K, committed 77952K, reserved 1179648K
  class space    used 10484K, committed 10752K, reserved 1048576K
}
Event: 173.977 GC heap after
{Heap after GC invocations=31 (full 1):
 garbage-first heap   total 76800K, used 42831K [0x0000000085800000, 0x0000000100000000)
  region size 1024K, 3 young (3072K), 3 survivors (3072K)
 Metaspace       used 77406K, committed 77952K, reserved 1179648K
  class space    used 10484K, committed 10752K, reserved 1048576K
}
Event: 174.341 GC heap before
{Heap before GC invocations=32 (full 1):
 garbage-first heap   total 83968K, used 59215K [0x0000000085800000, 0x0000000100000000)
  region size 1024K, 19 young (19456K), 3 survivors (3072K)
 Metaspace       used 77743K, committed 78400K, reserved 1179648K
  class space    used 10500K, committed 10816K, reserved 1048576K
}
Event: 174.353 GC heap after
{Heap after GC invocations=33 (full 1):
 garbage-first heap   total 83968K, used 43012K [0x0000000085800000, 0x0000000100000000)
  region size 1024K, 2 young (2048K), 2 survivors (2048K)
 Metaspace       used 77743K, committed 78400K, reserved 1179648K
  class space    used 10500K, committed 10816K, reserved 1048576K
}
Event: 175.109 GC heap before
{Heap before GC invocations=33 (full 1):
 garbage-first heap   total 83968K, used 64516K [0x0000000085800000, 0x0000000100000000)
  region size 1024K, 23 young (23552K), 2 survivors (2048K)
 Metaspace       used 78170K, committed 78848K, reserved 1179648K
  class space    used 10513K, committed 10816K, reserved 1048576K
}
Event: 175.112 GC heap after
{Heap after GC invocations=34 (full 1):
 garbage-first heap   total 83968K, used 44734K [0x0000000085800000, 0x0000000100000000)
  region size 1024K, 3 young (3072K), 3 survivors (3072K)
 Metaspace       used 78170K, committed 78848K, reserved 1179648K
  class space    used 10513K, committed 10816K, reserved 1048576K
}

